<?xml version="1.0" encoding="UTF-8"?>
<!-- Generated by org.testng.reporters.JUnitReportReporter -->
<testsuite hostname="Della-PC" failures="0" tests="1" name="testscript.Logintest" time="8.374" errors="0" timestamp="2024-11-14T17:12:28 IST" skipped="0">
  <testcase classname="testscript.Logintest" name="verifyuserisnotabletologinwithinvalidcredentials" time="8.374"/>
  <system-out/>
</testsuite> <!-- testscript.Logintest -->
